#
# A fatal error has been detected by the Java Runtime Environment:
#
#  EXCEPTION_ACCESS_VIOLATION (0xc0000005) at pc=0x00000000026e2166, pid=6608, tid=6216
#
# JRE version: Java(TM) SE Runtime Environment (7.0_79-b15) (build 1.7.0_79-b15)
# Java VM: Java HotSpot(TM) 64-Bit Server VM (24.79-b02 mixed mode windows-amd64 compressed oops)
# Problematic frame:
# J 2 C2 java.io.Win32FileSystem.normalize(Ljava/lang/String;)Ljava/lang/String; (143 bytes) @ 0x00000000026e2166 [0x00000000026e1f80+0x1e6]
#
# Failed to write core dump. Minidumps are not enabled by default on client versions of Windows
#
# If you would like to submit a bug report, please visit:
#   http://bugreport.java.com/bugreport/crash.jsp
#

---------------  T H R E A D  ---------------

Current thread (0x000000000217c800):  JavaThread "main" [_thread_in_Java, id=6216, stack(0x0000000002580000,0x0000000002680000)]

siginfo: ExceptionCode=0xc0000005, reading address 0x00000001000001cb

Registers:
RAX=0x00000007d9d48e80, RBX=0x0000000000000038, RCX=0x00000000fffffffb, RDX=0x00000007d9d48e80
RSP=0x0000000002678d30, RBP=0x000000000000005c, RSI=0x0000000000000039, RDI=0x0000000000000039
R8 =0x0000000000000073, R9 =0x0000000000000073, R10=0x000000000000002f, R11=0x00000007d6792438
R12=0x0000000000000000, R13=0x00000007d67924c0, R14=0x0000000000000090, R15=0x000000000217c800
RIP=0x00000000026e2166, EFLAGS=0x0000000000010286

Top of Stack: (sp=0x0000000002678d30)
0x0000000002678d30:   0000005c00000000 00000007d6792438
0x0000000002678d40:   0000000100000039 00000007d9daa808
0x0000000002678d50:   0000000002678d68 0000000002678dc8
0x0000000002678d60:   00000000fb41836e 00000000027220d0
0x0000000002678d70:   fb41836a00000000 00000007da0c1b38
0x0000000002678d80:   00000007da025e18 00000007d6791910
0x0000000002678d90:   fb3a91d000000000 00000007d6791db8
0x0000000002678da0:   00000007d9d48e80 00000007d6792418
0x0000000002678db0:   00000007d67924c0 0000000002678df8
0x0000000002678dc0:   00000007615b7d60 0000000000000000
0x0000000002678dd0:   0000000002678e40 00000000026862d3
0x0000000002678de0:   00000000026862d3 0000000000000000
0x0000000002678df0:   00000007d6791910 00000007da025e18
0x0000000002678e00:   0000000002678e00 000000076162b3da
0x0000000002678e10:   0000000002678e68 000000076162b7f8
0x0000000002678e20:   0000000000000000 000000076162b428 

Instructions: (pc=0x00000000026e2166)
0x00000000026e2146:   40 41 83 f8 3a 0f 84 89 00 00 00 ff c6 3b f7 7c
0x00000000026e2156:   c9 44 3b c5 0f 85 63 ff ff ff 48 8b d0 4d 8b c5
0x00000000026e2166:   44 8b cf 8b fb e8 10 92 00 00 eb a2 3b cd 0f 85
0x00000000026e2176:   a4 fe ff ff 83 fe 01 0f 8e 9b fe ff ff ff ce eb 


Register to memory mapping:

RAX=0x00000007d9d48e80 is an oop
java.io.WinNTFileSystem 
 - klass: 'java/io/WinNTFileSystem'
RBX=0x0000000000000038 is an unknown value
RCX=0x00000000fffffffb is an unknown value
RDX=0x00000007d9d48e80 is an oop
java.io.WinNTFileSystem 
 - klass: 'java/io/WinNTFileSystem'
RSP=0x0000000002678d30 is pointing into the stack for thread: 0x000000000217c800
RBP=0x000000000000005c is an unknown value
RSI=0x0000000000000039 is an unknown value
RDI=0x0000000000000039 is an unknown value
R8 =0x0000000000000073 is an unknown value
R9 =0x0000000000000073 is an unknown value
R10=0x000000000000002f is an unknown value
R11=0x00000007d6792438 is an oop
[C 
 - klass: {type array char}
 - length: 57
R12=0x0000000000000000 is an unknown value
R13=0x00000007d67924c0 is an oop
java.lang.String 
 - klass: 'java/lang/String'
R14=0x0000000000000090 is an unknown value
R15=0x000000000217c800 is a thread


Stack: [0x0000000002580000,0x0000000002680000],  sp=0x0000000002678d30,  free space=995k
Native frames: (J=compiled Java code, j=interpreted, Vv=VM code, C=native code)
J 2 C2 java.io.Win32FileSystem.normalize(Ljava/lang/String;)Ljava/lang/String; (143 bytes) @ 0x00000000026e2166 [0x00000000026e1f80+0x1e6]
J 79 C2 sun.misc.URLClassPath.getResource(Ljava/lang/String;Z)Lsun/misc/Resource; (74 bytes) @ 0x00000000027220d0 [0x00000000027211c0+0xf10]
j  java.net.URLClassLoader$1.run()Ljava/lang/Class;+26
j  java.net.URLClassLoader$1.run()Ljava/lang/Object;+1
v  ~StubRoutines::call_stub


---------------  P R O C E S S  ---------------

Java Threads: ( => current thread )
  0x000000000df0e000 JavaThread "ReaderThread" [_thread_in_native, id=5592, stack(0x000000000ea20000,0x000000000eb20000)]
  0x000000000bc39800 JavaThread "Service Thread" daemon [_thread_blocked, id=4420, stack(0x000000000d720000,0x000000000d820000)]
  0x000000000bc30800 JavaThread "C2 CompilerThread1" daemon [_thread_blocked, id=2876, stack(0x000000000d550000,0x000000000d650000)]
  0x000000000bc2c000 JavaThread "C2 CompilerThread0" daemon [_thread_blocked, id=6828, stack(0x000000000d300000,0x000000000d400000)]
  0x000000000bc25000 JavaThread "Attach Listener" daemon [_thread_blocked, id=6328, stack(0x000000000d150000,0x000000000d250000)]
  0x000000000bc1f800 JavaThread "Signal Dispatcher" daemon [_thread_blocked, id=4076, stack(0x000000000cb30000,0x000000000cc30000)]
  0x000000000bbc5800 JavaThread "Finalizer" daemon [_thread_blocked, id=4300, stack(0x000000000cdc0000,0x000000000cec0000)]
  0x000000000bbc4000 JavaThread "Reference Handler" daemon [_thread_blocked, id=3380, stack(0x000000000cf00000,0x000000000d000000)]
=>0x000000000217c800 JavaThread "main" [_thread_in_Java, id=6216, stack(0x0000000002580000,0x0000000002680000)]

Other Threads:
  0x000000000bbc0800 VMThread [stack: 0x000000000cc30000,0x000000000cd30000] [id=6360]
  0x000000000bc3e000 WatcherThread [stack: 0x000000000dc30000,0x000000000dd30000] [id=5712]

VM state:not at safepoint (normal execution)

VM Mutex/Monitor currently owned by a thread: None

Heap
 PSYoungGen      total 71680K, used 17747K [0x00000007d5c00000, 0x00000007de800000, 0x0000000800000000)
  eden space 66560K, 19% used [0x00000007d5c00000,0x00000007d685a208,0x00000007d9d00000)
  from space 5120K, 99% used [0x00000007d9d00000,0x00000007da1facc0,0x00000007da200000)
  to   space 5120K, 0% used [0x00000007de300000,0x00000007de300000,0x00000007de800000)
 ParOldGen       total 86528K, used 4130K [0x0000000781400000, 0x0000000786880000, 0x00000007d5c00000)
  object space 86528K, 4% used [0x0000000781400000,0x0000000781808b58,0x0000000786880000)
 PSPermGen       total 21504K, used 13332K [0x0000000761400000, 0x0000000762900000, 0x0000000781400000)
  object space 21504K, 61% used [0x0000000761400000,0x0000000762105030,0x0000000762900000)

Card table byte_map: [0x0000000005680000,0x0000000005b80000] byte_map_base: 0x0000000001b76000

Polling page: 0x0000000000330000

Code Cache  [0x0000000002680000, 0x00000000028f0000, 0x0000000005680000)
 total_blobs=537 nmethods=254 adapters=235 free_code_cache=48192Kb largest_free_block=49294080

Compilation events (10 events):
Event: 1.788 Thread 0x000000000bc2c000  259             java.lang.Class::searchMethods (90 bytes)
Event: 1.795 Thread 0x000000000bc2c000 nmethod 259 0x00000000027753d0 code [0x0000000002775560, 0x0000000002775b78]
Event: 1.799 Thread 0x000000000bc30800  260             java.util.HashMap::<init> (119 bytes)
Event: 1.800 Thread 0x000000000bc30800 nmethod 260 0x0000000002703210 code [0x0000000002703360, 0x0000000002703458]
Event: 1.803 Thread 0x000000000bc2c000  261             java.util.regex.Pattern$Curly::match0 (174 bytes)
Event: 1.807 Thread 0x000000000bc30800  262             java.io.Win32FileSystem::prefixLength (91 bytes)
Event: 1.809 Thread 0x000000000bc30800 nmethod 262 0x00000000027735d0 code [0x0000000002773720, 0x0000000002773898]
Event: 1.809 Thread 0x000000000bc30800  263             java.io.File::isInvalid (47 bytes)
Event: 1.813 Thread 0x000000000bc30800 nmethod 263 0x000000000276e950 code [0x000000000276eaa0, 0x000000000276ec98]
Event: 1.823 Thread 0x000000000bc2c000 nmethod 261 0x000000000277a690 code [0x000000000277a900, 0x000000000277bec0]

GC Heap History (6 events):
Event: 0.605 GC heap before
{Heap before GC invocations=1 (full 0):
 PSYoungGen      total 38400K, used 33280K [0x00000007d5c00000, 0x00000007d8680000, 0x0000000800000000)
  eden space 33280K, 100% used [0x00000007d5c00000,0x00000007d7c80000,0x00000007d7c80000)
  from space 5120K, 0% used [0x00000007d8180000,0x00000007d8180000,0x00000007d8680000)
  to   space 5120K, 0% used [0x00000007d7c80000,0x00000007d7c80000,0x00000007d8180000)
 ParOldGen       total 86528K, used 0K [0x0000000781400000, 0x0000000786880000, 0x00000007d5c00000)
  object space 86528K, 0% used [0x0000000781400000,0x0000000781400000,0x0000000786880000)
 PSPermGen       total 21504K, used 5776K [0x0000000761400000, 0x0000000762900000, 0x0000000781400000)
  object space 21504K, 26% used [0x0000000761400000,0x00000007619a4030,0x0000000762900000)
Event: 0.621 GC heap after
Heap after GC invocations=1 (full 0):
 PSYoungGen      total 38400K, used 2970K [0x00000007d5c00000, 0x00000007da700000, 0x0000000800000000)
  eden space 33280K, 0% used [0x00000007d5c00000,0x00000007d5c00000,0x00000007d7c80000)
  from space 5120K, 58% used [0x00000007d7c80000,0x00000007d7f66988,0x00000007d8180000)
  to   space 5120K, 0% used [0x00000007da200000,0x00000007da200000,0x00000007da700000)
 ParOldGen       total 86528K, used 8K [0x0000000781400000, 0x0000000786880000, 0x00000007d5c00000)
  object space 86528K, 0% used [0x0000000781400000,0x0000000781402000,0x0000000786880000)
 PSPermGen       total 21504K, used 5776K [0x0000000761400000, 0x0000000762900000, 0x0000000781400000)
  object space 21504K, 26% used [0x0000000761400000,0x00000007619a4030,0x0000000762900000)
}
Event: 0.914 GC heap before
{Heap before GC invocations=2 (full 0):
 PSYoungGen      total 38400K, used 36250K [0x00000007d5c00000, 0x00000007da700000, 0x0000000800000000)
  eden space 33280K, 100% used [0x00000007d5c00000,0x00000007d7c80000,0x00000007d7c80000)
  from space 5120K, 58% used [0x00000007d7c80000,0x00000007d7f66988,0x00000007d8180000)
  to   space 5120K, 0% used [0x00000007da200000,0x00000007da200000,0x00000007da700000)
 ParOldGen       total 86528K, used 8K [0x0000000781400000, 0x0000000786880000, 0x00000007d5c00000)
  object space 86528K, 0% used [0x0000000781400000,0x0000000781402000,0x0000000786880000)
 PSPermGen       total 21504K, used 8359K [0x0000000761400000, 0x0000000762900000, 0x0000000781400000)
  object space 21504K, 38% used [0x0000000761400000,0x0000000761c29ea0,0x0000000762900000)
Event: 0.918 GC heap after
Heap after GC invocations=2 (full 0):
 PSYoungGen      total 71680K, used 3750K [0x00000007d5c00000, 0x00000007da700000, 0x0000000800000000)
  eden space 66560K, 0% used [0x00000007d5c00000,0x00000007d5c00000,0x00000007d9d00000)
  from space 5120K, 73% used [0x00000007da200000,0x00000007da5a9868,0x00000007da700000)
  to   space 5120K, 0% used [0x00000007d9d00000,0x00000007d9d00000,0x00000007da200000)
 ParOldGen       total 86528K, used 16K [0x0000000781400000, 0x0000000786880000, 0x00000007d5c00000)
  object space 86528K, 0% used [0x0000000781400000,0x0000000781404000,0x0000000786880000)
 PSPermGen       total 21504K, used 8359K [0x0000000761400000, 0x0000000762900000, 0x0000000781400000)
  object space 21504K, 38% used [0x0000000761400000,0x0000000761c29ea0,0x0000000762900000)
}
Event: 1.733 GC heap before
{Heap before GC invocations=3 (full 0):
 PSYoungGen      total 71680K, used 70310K [0x00000007d5c00000, 0x00000007da700000, 0x0000000800000000)
  eden space 66560K, 100% used [0x00000007d5c00000,0x00000007d9d00000,0x00000007d9d00000)
  from space 5120K, 73% used [0x00000007da200000,0x00000007da5a9868,0x00000007da700000)
  to   space 5120K, 0% used [0x00000007d9d00000,0x00000007d9d00000,0x00000007da200000)
 ParOldGen       total 86528K, used 16K [0x0000000781400000, 0x0000000786880000, 0x00000007d5c00000)
  object space 86528K, 0% used [0x0000000781400000,0x0000000781404000,0x0000000786880000)
 PSPermGen       total 21504K, used 12737K [0x0000000761400000, 0x0000000762900000, 0x0000000781400000)
  object space 21504K, 59% used [0x0000000761400000,0x0000000762070550,0x0000000762900000)
Event: 1.743 GC heap after
Heap after GC invocations=3 (full 0):
 PSYoungGen      total 71680K, used 5099K [0x00000007d5c00000, 0x00000007de800000, 0x0000000800000000)
  eden space 66560K, 0% used [0x00000007d5c00000,0x00000007d5c00000,0x00000007d9d00000)
  from space 5120K, 99% used [0x00000007d9d00000,0x00000007da1facc0,0x00000007da200000)
  to   space 5120K, 0% used [0x00000007de300000,0x00000007de300000,0x00000007de800000)
 ParOldGen       total 86528K, used 4130K [0x0000000781400000, 0x0000000786880000, 0x00000007d5c00000)
  object space 86528K, 4% used [0x0000000781400000,0x0000000781808b58,0x0000000786880000)
 PSPermGen       total 21504K, used 12737K [0x0000000761400000, 0x0000000762900000, 0x0000000781400000)
  object space 21504K, 59% used [0x0000000761400000,0x0000000762070550,0x0000000762900000)
}

Deoptimization events (10 events):
Event: 1.638 Thread 0x000000000217c800 Uncommon trap: reason=class_check action=maybe_recompile pc=0x0000000002729f48 method=java.lang.String.equals(Ljava/lang/Object;)Z @ 8
Event: 1.638 Thread 0x000000000217c800 Uncommon trap: reason=class_check action=maybe_recompile pc=0x0000000002729f48 method=java.lang.String.equals(Ljava/lang/Object;)Z @ 8
Event: 1.670 Thread 0x000000000217c800 Uncommon trap: reason=class_check action=maybe_recompile pc=0x0000000002703e50 method=java.util.AbstractList.listIterator()Ljava/util/ListIterator; @ 2
Event: 1.688 Thread 0x000000000217c800 Uncommon trap: reason=class_check action=maybe_recompile pc=0x0000000002703e50 method=java.util.AbstractList.listIterator()Ljava/util/ListIterator; @ 2
Event: 1.690 Thread 0x000000000217c800 Uncommon trap: reason=class_check action=maybe_recompile pc=0x0000000002703e50 method=java.util.AbstractList.listIterator()Ljava/util/ListIterator; @ 2
Event: 1.692 Thread 0x000000000217c800 Uncommon trap: reason=class_check action=maybe_recompile pc=0x0000000002703e50 method=java.util.AbstractList.listIterator()Ljava/util/ListIterator; @ 2
Event: 1.754 Thread 0x000000000217c800 Uncommon trap: reason=unreached action=reinterpret pc=0x0000000002715904 method=java.lang.Class.searchMethods([Ljava/lang/reflect/Method;Ljava/lang/String;[Ljava/lang/Class;)Ljava/lang/reflect/Method; @ 47
Event: 1.773 Thread 0x000000000217c800 Uncommon trap: reason=class_check action=maybe_recompile pc=0x0000000002758f24 method=java.util.HashSet.contains(Ljava/lang/Object;)Z @ 5
Event: 1.780 Thread 0x000000000217c800 Uncommon trap: reason=class_check action=maybe_recompile pc=0x0000000002758f24 method=java.util.HashSet.contains(Ljava/lang/Object;)Z @ 5
Event: 1.781 Thread 0x000000000217c800 Uncommon trap: reason=class_check action=maybe_recompile pc=0x0000000002769234 method=java.util.Properties$LineReader.readLine()I @ 402

Internal exceptions (10 events):
Event: 1.824 Thread 0x000000000217c800 Threw 0x00000007d66d5e40 at C:\re\jdk7u79\2331\hotspot\src\share\vm\prims\jvm.cpp:1304
Event: 1.824 Thread 0x000000000217c800 Threw 0x00000007d66e4ed8 at C:\re\jdk7u79\2331\hotspot\src\share\vm\prims\jvm.cpp:1304
Event: 1.824 Thread 0x000000000217c800 Threw 0x00000007d66f6ad0 at C:\re\jdk7u79\2331\hotspot\src\share\vm\prims\jvm.cpp:1304
Event: 1.825 Thread 0x000000000217c800 Threw 0x00000007d670a728 at C:\re\jdk7u79\2331\hotspot\src\share\vm\prims\jvm.cpp:1304
Event: 1.825 Thread 0x000000000217c800 Threw 0x00000007d671e7f0 at C:\re\jdk7u79\2331\hotspot\src\share\vm\prims\jvm.cpp:1304
Event: 1.826 Thread 0x000000000217c800 Threw 0x00000007d673b1b8 at C:\re\jdk7u79\2331\hotspot\src\share\vm\prims\jvm.cpp:1304
Event: 1.826 Thread 0x000000000217c800 Threw 0x00000007d6752fe8 at C:\re\jdk7u79\2331\hotspot\src\share\vm\prims\jvm.cpp:1304
Event: 1.827 Thread 0x000000000217c800 Threw 0x00000007d6764898 at C:\re\jdk7u79\2331\hotspot\src\share\vm\prims\jvm.cpp:1304
Event: 1.827 Thread 0x000000000217c800 Threw 0x00000007d67785c0 at C:\re\jdk7u79\2331\hotspot\src\share\vm\prims\jvm.cpp:1304
Event: 1.827 Thread 0x000000000217c800 Threw 0x00000007d67913b8 at C:\re\jdk7u79\2331\hotspot\src\share\vm\prims\jvm.cpp:1304

Events (10 events):
Event: 1.826 loading class 0x000000000f0abcf0
Event: 1.826 loading class 0x000000000f0abcf0 done
Event: 1.826 loading class 0x000000000f0a8df0
Event: 1.826 loading class 0x000000000f0a8df0 done
Event: 1.827 loading class 0x000000000ec2e6e0
Event: 1.827 loading class 0x000000000ec2e6e0 done
Event: 1.827 loading class 0x000000000f0ab9f0
Event: 1.827 loading class 0x000000000f0ab9f0 done
Event: 1.827 loading class 0x000000000ee05b30
Event: 1.827 loading class 0x000000000ee05b30 done


Dynamic libraries:
0x000000013fca0000 - 0x000000013fcd3000 	D:\Java\jdk17079\bin\javaw.exe
0x0000000077460000 - 0x0000000077609000 	C:\Windows\SYSTEM32\ntdll.dll
0x0000000077240000 - 0x000000007735f000 	C:\Windows\system32\kernel32.dll
0x000007fefd560000 - 0x000007fefd5cc000 	C:\Windows\system32\KERNELBASE.dll
0x000007fefd7f0000 - 0x000007fefd8cb000 	C:\Windows\system32\ADVAPI32.dll
0x000007fefdab0000 - 0x000007fefdb4f000 	C:\Windows\system32\msvcrt.dll
0x000007feff010000 - 0x000007feff02f000 	C:\Windows\SYSTEM32\sechost.dll
0x000007fefd8d0000 - 0x000007fefd9fd000 	C:\Windows\system32\RPCRT4.dll
0x0000000077360000 - 0x000000007745a000 	C:\Windows\system32\USER32.dll
0x000007fefdb50000 - 0x000007fefdbb7000 	C:\Windows\system32\GDI32.dll
0x000007fefd7d0000 - 0x000007fefd7de000 	C:\Windows\system32\LPK.dll
0x000007fefef40000 - 0x000007feff009000 	C:\Windows\system32\USP10.dll
0x000007fefbc20000 - 0x000007fefbe14000 	C:\Windows\WinSxS\amd64_microsoft.windows.common-controls_6595b64144ccf1df_6.0.7601.18837_none_fa3b1e3d17594757\COMCTL32.dll
0x000007fefda30000 - 0x000007fefdaa1000 	C:\Windows\system32\SHLWAPI.dll
0x000007fefda00000 - 0x000007fefda2e000 	C:\Windows\system32\IMM32.DLL
0x000007feff5b0000 - 0x000007feff6b9000 	C:\Windows\system32\MSCTF.dll
0x000000006f2c0000 - 0x000000006f392000 	D:\Java\jdk17079\jre\bin\msvcr100.dll
0x000000005eeb0000 - 0x000000005f685000 	D:\Java\jdk17079\jre\bin\server\jvm.dll
0x000007fef2830000 - 0x000007fef2839000 	C:\Windows\system32\WSOCK32.dll
0x000007feff720000 - 0x000007feff76d000 	C:\Windows\system32\WS2_32.dll
0x000007fefd7e0000 - 0x000007fefd7e8000 	C:\Windows\system32\NSI.dll
0x000007fefb130000 - 0x000007fefb16b000 	C:\Windows\system32\WINMM.dll
0x0000000077620000 - 0x0000000077627000 	C:\Windows\system32\PSAPI.DLL
0x0000000074f50000 - 0x0000000074f5f000 	D:\Java\jdk17079\jre\bin\verify.dll
0x0000000073ab0000 - 0x0000000073ad8000 	D:\Java\jdk17079\jre\bin\java.dll
0x0000000073af0000 - 0x0000000073b05000 	D:\Java\jdk17079\jre\bin\zip.dll
0x00000000747e0000 - 0x00000000747fa000 	D:\Java\jdk17079\jre\bin\net.dll
0x000007fefc9f0000 - 0x000007fefca45000 	C:\Windows\system32\mswsock.dll
0x000007fefc9e0000 - 0x000007fefc9e7000 	C:\Windows\System32\wship6.dll
0x000007fefca50000 - 0x000007fefca68000 	C:\Windows\system32\CRYPTSP.dll
0x000007fefc710000 - 0x000007fefc757000 	C:\Windows\system32\rsaenh.dll
0x000007fefd370000 - 0x000007fefd38e000 	C:\Windows\system32\USERENV.dll
0x000007fefd220000 - 0x000007fefd22f000 	C:\Windows\system32\profapi.dll
0x000007fefd0b0000 - 0x000007fefd0bf000 	C:\Windows\system32\CRYPTBASE.dll
0x000007fefa670000 - 0x000007fefa697000 	C:\Windows\system32\IPHLPAPI.DLL
0x000007fefa660000 - 0x000007fefa66b000 	C:\Windows\system32\WINNSI.DLL
0x000007fefa440000 - 0x000007fefa451000 	C:\Windows\system32\dhcpcsvc6.DLL
0x000007fefa460000 - 0x000007fefa478000 	C:\Windows\system32\dhcpcsvc.DLL
0x0000000073a90000 - 0x0000000073aa1000 	D:\Java\jdk17079\jre\bin\nio.dll
0x000007fefb040000 - 0x000007fefb055000 	C:\Windows\system32\NLAapi.dll
0x000007fef8030000 - 0x000007fef8045000 	C:\Windows\system32\napinsp.dll
0x000007fef8010000 - 0x000007fef8029000 	C:\Windows\system32\pnrpnsp.dll
0x000007fef8000000 - 0x000007fef8010000 	C:\Windows\system32\wshbth.dll
0x000007fefc870000 - 0x000007fefc8cb000 	C:\Windows\system32\DNSAPI.dll
0x000007fef7ff0000 - 0x000007fef7ffb000 	C:\Windows\System32\winrnr.dll
0x000007fefc3d0000 - 0x000007fefc3d7000 	C:\Windows\System32\wshtcpip.dll
0x000007fef8520000 - 0x000007fef8528000 	C:\Windows\system32\rasadhlp.dll
0x000007fefa4b0000 - 0x000007fefa503000 	C:\Windows\System32\fwpuclnt.dll

VM Arguments:
jvm_args: -XX:MaxPermSize=512M -Dhttp.proxyHost=10.100.100.151 -Dhttp.proxyPort=3128 -Dhttp.proxyHost=10.100.100.151 -Dhttps.proxyPort=3128 -Dfile.encoding=UTF-8 
java_command: org.eclipse.jdt.internal.junit.runner.RemoteTestRunner -version 3 -port 51768 -testLoaderClass org.eclipse.jdt.internal.junit4.runner.JUnit4TestLoader -loaderpluginname org.eclipse.jdt.junit4.runtime -classNames org.cyk.system.root.business.impl.integration.LocalityBusinessIT
Launcher Type: SUN_STANDARD

Environment Variables:
JAVA_HOME=D:\Java\jdk17079
JRE_HOME=D:\Java\jdk17079\jre
PATH=D:/Java/jdk17079/bin/../jre/bin/server;D:/Java/jdk17079/bin/../jre/bin;D:/Java/jdk17079/bin/../jre/lib/amd64;.;D:\Java\maven333\bin;D:\Java\jdk17079\bin;C:\Windows\system32;C:\Windows;C:\Windows\System32\Wbem;C:\Windows\System32\WindowsPowerShell\v1.0\;C:\Program Files (x86)\ATI Technologies\ATI.ACE\Core-Static;D:\Java\cykeclipse;
USERNAME=SIB01
OS=Windows_NT
PROCESSOR_IDENTIFIER=Intel64 Family 6 Model 61 Stepping 4, GenuineIntel



---------------  S Y S T E M  ---------------

OS: Windows 7 , 64 bit Build 7601 Service Pack 1

CPU:total 4 (2 cores per cpu, 2 threads per core) family 6 model 61 stepping 4, cmov, cx8, fxsr, mmx, sse, sse2, sse3, ssse3, sse4.1, sse4.2, popcnt, avx, avx2, aes, erms, ht, tsc, tscinvbit

Memory: 4k page, physical 8306228k(2609440k free), swap 16610620k(9096308k free)

vm_info: Java HotSpot(TM) 64-Bit Server VM (24.79-b02) for windows-amd64 JRE (1.7.0_79-b15), built on Apr 10 2015 12:36:16 by "java_re" with unknown MS VC++:1600

time: Tue Apr 11 19:14:09 2017
elapsed time: 1 seconds

